dscan $Revision: 2.3 $
bin/dscan data/crp.fa data/crp_scan.sn -n -e1 -R 

C: 740 (0.195767)
G: 740 (0.195767)
A: 1150 (0.304233)
T: 1150 (0.304233)

Total database length: 3780
Effective size for model 1: 2988

average length = 105.0
Distribution of -log10(E-values):
 '=' is 1 count.

   -2.00 : 4        |====
   -1.00 : 1        |=
    0.00 : 1        |=
    1.00 : 9        |=========
    2.00 : 8        |========
    3.00 : 1        |=
    4.00 : 0        |
   total : 24      

    mean = 1.3697
   stdev = 1.34081
   range = -1.1493 .. 3.07026

[3.07] ecolac
  4.6 (2.84679e-07):    9    AACGCAAT TAATGTGAGTTAGCTCACTCATT AGGCACCCCA  31  


[2.90] ecoarabop R
  4.5 (4.20251e-07):   76  TGGCATAGCA AAGTGTGACGCCGTGCAAATAAT CAATGTGGAC   54


[2.81] cole1 R
  4.4 (5.13496e-07):   82  GGACTTCCAT TTTTGTGAAAACGATCAAAAAAA CAGTCTTTCA   60


[2.59] ecomalt
  4.1 (8.59517e-07):   41  AAAGATTTGG AATTGTGACACAGTGCAAATTCA GACACATAAA  63  


[2.59] ecodaop R
  4.1 (8.59517e-07):   28  TGCATCACTG TAATGCGATCTGGTTCAAATAAT TCACT         6


[2.40] ecomale R
  4.0 (1.32243e-06):   35  CACCGTCGCT TTGTGTGATCTCTGTTACAGAAT TGGCGGTAAT   13


[2.35] ecodaop
  3.9 (1.50480e-06):   60  AGATTTCCTT AATTGTGATGTGTATCGAAGTGT GTTGCGGAGT  82  


[2.31] ecocrp R
  3.9 (1.65536e-06):   84  TACTGCACGG TAATGTGACGTCCTTTGCATACA TGCAGTACAT   62


[2.03] ecotnaa R
  3.6 (3.15461e-06):   92  GAAATTGTTT AAATGTGAATCGAATCACAATCG TTCGGGGAGC   70


[1.94] ecoompa R
  3.5 (3.86213e-06):   69  GAAAACTTAC AAGTGTGAACTCCGTCAGGCATA TGAAAAAAAA   47


[1.64] cole1
  3.2 (7.70146e-06):   17  TTGTGCTGGT TTTTGTGGCATCGGGCGAGAATA GCGCGTGGTG  39  


[1.60] ecocya
  3.2 (8.37958e-06):   50  TCAATCAGCA AGGTGTTAAATTGATCACGTTTT AGACCATTTT  72  


[1.60] ecobgirl R
  3.2 (8.37958e-06):   97    ATTGATAA AAATATGACCATGCTCACAGTTA TTAACTTTGT   75


[1.53] ecomalk
  3.1 (9.95386e-06):   61  ATGTAAGGAA TTTCGTGATGTTGCTTGCAAAAA TCGTGGCGAT  83  


[1.44] ecouxu1
  3.0 (1.21002e-05):   17  AGAGTGAAAT TGTTGTGATGTGGTTAACCCAAT TAGAATTCGG  39  


[1.41] ecogale R
  3.0 (1.29582e-05):   63  AAGATGCGAA AAGTGTGACATGGAATAAATTAG TGGAATCGTT   41


[1.41] ecoilvbpr R
  3.0 (1.29582e-05):   60  GCAAAGGGAA AATTGAGGGGTTGATCACGTTTT GTACTGAATT   38


[1.38] (tdr) R
  2.9 (1.40066e-05):   99      AACAGG ATATGTGCGACCACTCACAAATT AACTTTCAAT   77


[0.99] pbr322
  2.6 (3.38822e-05):   53  GCACCATATG CGGTGTGAAATACCGCACAGATG CGTAAGGAGA  75  


	time: 0 seconds (0.00 minutes)
